
[2021-08-06 14:19:25.682] 
[2021-08-06 14:19:25.684] CLK_GetCPUFreq : 48000000
[2021-08-06 14:19:25.686] CLK_GetHCLKFreq : 48000000
[2021-08-06 14:19:25.688] CLK_GetPCLK0Freq : 48000000
[2021-08-06 14:19:25.689] CLK_GetPCLK1Freq : 48000000
[2021-08-06 14:19:25.693] Coremark start (12000 ms) !
[2021-08-06 14:23:40.468] 2K performance run parameters for coremark.
[2021-08-06 14:23:40.472] CoreMark Size    : 666
[2021-08-06 14:23:40.474] Total ticks      : 255243
[2021-08-06 14:23:40.477] Total time (secs): 255
[2021-08-06 14:23:40.478] Iterations/Sec   : 47
[2021-08-06 14:23:40.481] Iterations       : 12000
[2021-08-06 14:23:40.483] Compiler version : uVision 5.26.2.0
[2021-08-06 14:23:40.486] Compiler flags   : --device DLM -O3 -Otime --apcs=interwork
[2021-08-06 14:23:40.492] Memory location  : FLASH
[2021-08-06 14:23:40.494] seedcrc          : 0xe9f5
[2021-08-06 14:23:40.497] [0]crclist       : 0xe714
[2021-08-06 14:23:40.498] [0]crcmatrix     : 0x1fd7
[2021-08-06 14:23:40.501] [0]crcstate      : 0x8e3a
[2021-08-06 14:23:40.504] [0]crcfinal      : 0xd340
[2021-08-06 14:23:40.506] Correct operation validated. See README.md for run and reporting rules.
[2021-08-06 14:23:40.512] In Hard Fault Handler
[2021-08-06 14:23:40.513] r0  = 0x0
[2021-08-06 14:23:40.514] r1  = 0xe800
[2021-08-06 14:23:40.516] r2  = 0x8
[2021-08-06 14:23:40.521] r3  = 0x0
[2021-08-06 14:23:40.521] r12 = 0x0
[2021-08-06 14:23:40.524] lr  = 0x181b
[2021-08-06 14:23:40.524] pc  = 0x40000000
[2021-08-06 14:23:40.524] psr = 0x40000000
